  [1m[36m (1.2ms)[0m  [1mCREATE TABLE "schema_migrations" ("version" varchar(255) NOT NULL) [0m
  [1m[35m (0.5ms)[0m  select sqlite_version(*)
  [1m[36m (0.9ms)[0m  [1mCREATE UNIQUE INDEX "unique_schema_migrations" ON "schema_migrations" ("version")[0m
  [1m[35mActiveRecord::SchemaMigration Load (0.1ms)[0m  SELECT "schema_migrations".* FROM "schema_migrations"
  [1m[36mActiveRecord::SchemaMigration Load (0.5ms)[0m  [1mSELECT "schema_migrations".* FROM "schema_migrations"[0m
Migrating to CreateDocumentNumbers (20140610080445)
  [1m[35m (0.1ms)[0m  begin transaction
  [1m[36m (0.5ms)[0m  [1mCREATE TABLE "document_numbers" ("id" INTEGER PRIMARY KEY AUTOINCREMENT NOT NULL, "document" varchar(255), "number" integer NOT NULL, "created_at" datetime) [0m
  [1m[35m (0.6ms)[0m  select sqlite_version(*)
  [1m[36m (0.2ms)[0m  [1mCREATE  INDEX "index_document_numbers_on_document" ON "document_numbers" ("document")[0m
  [1m[35mSQL (0.4ms)[0m  INSERT INTO "schema_migrations" ("version") VALUES (?)  [["version", "20140610080445"]]
  [1m[36m (1.0ms)[0m  [1mcommit transaction[0m
Migrating to CreateInventories (20140610090526)
  [1m[35m (0.1ms)[0m  begin transaction
  [1m[36m (0.6ms)[0m  [1mCREATE TABLE "inventories" ("id" INTEGER PRIMARY KEY AUTOINCREMENT NOT NULL, "number" varchar(255), "created_at" datetime, "updated_at" datetime) [0m
  [1m[35mSQL (0.2ms)[0m  INSERT INTO "schema_migrations" ("version") VALUES (?)  [["version", "20140610090526"]]
  [1m[36m (0.8ms)[0m  [1mcommit transaction[0m
  [1m[35mActiveRecord::SchemaMigration Load (0.1ms)[0m  SELECT "schema_migrations".* FROM "schema_migrations"
  [1m[36m (0.1ms)[0m  [1m            SELECT sql
            FROM sqlite_master
            WHERE name='index_document_numbers_on_document' AND type='index'
            UNION ALL
            SELECT sql
            FROM sqlite_temp_master
            WHERE name='index_document_numbers_on_document' AND type='index'
[0m
  [1m[36m (1.2ms)[0m  [1mCREATE TABLE "document_numbers" ("id" INTEGER PRIMARY KEY AUTOINCREMENT NOT NULL, "document" varchar(255), "number" integer NOT NULL, "created_at" datetime) [0m
  [1m[35m (0.1ms)[0m  select sqlite_version(*)
  [1m[36m (0.9ms)[0m  [1mCREATE  INDEX "index_document_numbers_on_document" ON "document_numbers" ("document")[0m
  [1m[35m (0.9ms)[0m  CREATE TABLE "inventories" ("id" INTEGER PRIMARY KEY AUTOINCREMENT NOT NULL, "number" varchar(255), "created_at" datetime, "updated_at" datetime) 
  [1m[36m (0.9ms)[0m  [1mCREATE TABLE "schema_migrations" ("version" varchar(255) NOT NULL) [0m
  [1m[35m (0.8ms)[0m  CREATE UNIQUE INDEX "unique_schema_migrations" ON "schema_migrations" ("version")
  [1m[36m (0.1ms)[0m  [1mSELECT version FROM "schema_migrations"[0m
  [1m[35m (0.9ms)[0m  INSERT INTO "schema_migrations" (version) VALUES ('20140610090526')
  [1m[36m (0.9ms)[0m  [1mINSERT INTO "schema_migrations" (version) VALUES ('20140610080445')[0m
  [1m[36m (0.1ms)[0m  [1mbegin transaction[0m
  [1m[35mDocumentNumber::DocumentNumber Load (0.5ms)[0m  SELECT  "document_numbers".* FROM "document_numbers"  WHERE "document_numbers"."document" = 'inventory' LIMIT 1
  [1m[36mSQL (1.1ms)[0m  [1mINSERT INTO "document_numbers" ("created_at", "document") VALUES (?, ?)[0m  [["created_at", "2014-06-10 09:18:56.241431"], ["document", "inventory"]]
SQLite3::ConstraintException: document_numbers.number may not be NULL: INSERT INTO "document_numbers" ("created_at", "document") VALUES (?, ?)
  [1m[35m (0.1ms)[0m  rollback transaction
  [1m[36m (0.1ms)[0m  [1mbegin transaction[0m
  [1m[35mDocumentNumber::DocumentNumber Load (0.1ms)[0m  SELECT  "document_numbers".* FROM "document_numbers"  WHERE "document_numbers"."document" = 'inventory' LIMIT 1
  [1m[36mSQL (0.4ms)[0m  [1mINSERT INTO "document_numbers" ("created_at", "document") VALUES (?, ?)[0m  [["created_at", "2014-06-10 09:20:10.581165"], ["document", "inventory"]]
SQLite3::ConstraintException: document_numbers.number may not be NULL: INSERT INTO "document_numbers" ("created_at", "document") VALUES (?, ?)
  [1m[35m (0.1ms)[0m  rollback transaction
  [1m[36m (0.1ms)[0m  [1mbegin transaction[0m
  [1m[35mDocumentNumber::DocumentNumber Load (0.1ms)[0m  SELECT  "document_numbers".* FROM "document_numbers"  WHERE "document_numbers"."document" = 'inventory' LIMIT 1
  [1m[36mSQL (0.3ms)[0m  [1mINSERT INTO "document_numbers" ("created_at", "document") VALUES (?, ?)[0m  [["created_at", "2014-06-10 09:21:51.772208"], ["document", "inventory"]]
SQLite3::ConstraintException: document_numbers.number may not be NULL: INSERT INTO "document_numbers" ("created_at", "document") VALUES (?, ?)
  [1m[35m (0.1ms)[0m  rollback transaction
  [1m[36m (0.1ms)[0m  [1mbegin transaction[0m
  [1m[35mDocumentNumber::DocumentNumber Load (0.1ms)[0m  SELECT  "document_numbers".* FROM "document_numbers"  WHERE "document_numbers"."document" = 'inventory' LIMIT 1
  [1m[36mSQL (0.3ms)[0m  [1mINSERT INTO "document_numbers" ("created_at", "document") VALUES (?, ?)[0m  [["created_at", "2014-06-10 09:23:16.436527"], ["document", "inventory"]]
SQLite3::ConstraintException: document_numbers.number may not be NULL: INSERT INTO "document_numbers" ("created_at", "document") VALUES (?, ?)
  [1m[35m (0.1ms)[0m  rollback transaction
  [1m[36m (0.1ms)[0m  [1mbegin transaction[0m
  [1m[35mDocumentNumber::DocumentNumber Load (0.1ms)[0m  SELECT  "document_numbers".* FROM "document_numbers"  WHERE "document_numbers"."document" = 'inventory' LIMIT 1
  [1m[36mSQL (0.4ms)[0m  [1mINSERT INTO "document_numbers" ("created_at", "document") VALUES (?, ?)[0m  [["created_at", "2014-06-10 09:25:04.242710"], ["document", "inventory"]]
SQLite3::ConstraintException: document_numbers.number may not be NULL: INSERT INTO "document_numbers" ("created_at", "document") VALUES (?, ?)
  [1m[35m (0.1ms)[0m  rollback transaction
  [1m[36m (0.1ms)[0m  [1mbegin transaction[0m
  [1m[35mDocumentNumber::DocumentNumber Load (0.1ms)[0m  SELECT  "document_numbers".* FROM "document_numbers"  WHERE "document_numbers"."document" = 'inventory' LIMIT 1
  [1m[36mSQL (0.3ms)[0m  [1mINSERT INTO "document_numbers" ("created_at", "document") VALUES (?, ?)[0m  [["created_at", "2014-06-10 09:25:41.982941"], ["document", "inventory"]]
SQLite3::ConstraintException: document_numbers.number may not be NULL: INSERT INTO "document_numbers" ("created_at", "document") VALUES (?, ?)
  [1m[35m (0.1ms)[0m  rollback transaction
  [1m[36m (0.1ms)[0m  [1mbegin transaction[0m
  [1m[35mDocumentNumber::DocumentNumber Load (0.1ms)[0m  SELECT  "document_numbers".* FROM "document_numbers"  WHERE "document_numbers"."document" = 'inventory' LIMIT 1
  [1m[36m (0.1ms)[0m  [1mrollback transaction[0m
  [1m[36m (0.1ms)[0m  [1mbegin transaction[0m
  [1m[35mDocumentNumber::DocumentNumber Load (0.1ms)[0m  SELECT  "document_numbers".* FROM "document_numbers"  WHERE "document_numbers"."document" = 'inventory' LIMIT 1
  [1m[36m (0.1ms)[0m  [1mrollback transaction[0m
  [1m[36m (0.1ms)[0m  [1mbegin transaction[0m
  [1m[35mDocumentNumber::DocumentNumber Load (0.1ms)[0m  SELECT  "document_numbers".* FROM "document_numbers"  WHERE "document_numbers"."document" = 'inventory' LIMIT 1
  [1m[36mSQL (0.7ms)[0m  [1mINSERT INTO "document_numbers" ("created_at", "document", "number") VALUES (?, ?, ?)[0m  [["created_at", "2014-06-10 09:27:56.377650"], ["document", "inventory"], ["number", 1]]
  [1m[35mSQL (0.6ms)[0m  INSERT INTO "inventories" ("created_at", "number", "updated_at") VALUES (?, ?, ?)  [["created_at", "2014-06-10 09:27:56.365557"], ["number", "1"], ["updated_at", "2014-06-10 09:27:56.365557"]]
  [1m[36m (0.8ms)[0m  [1mcommit transaction[0m
  [1m[36mActiveRecord::SchemaMigration Load (0.5ms)[0m  [1mSELECT "schema_migrations".* FROM "schema_migrations"[0m
Migrating to CreateInvoices (20140610093227)
  [1m[35m (0.1ms)[0m  begin transaction
  [1m[36m (0.5ms)[0m  [1mCREATE TABLE "invoices" ("id" INTEGER PRIMARY KEY AUTOINCREMENT NOT NULL, "number" varchar(255), "created_at" datetime, "updated_at" datetime) [0m
  [1m[35mSQL (0.3ms)[0m  INSERT INTO "schema_migrations" ("version") VALUES (?)  [["version", "20140610093227"]]
  [1m[36m (0.7ms)[0m  [1mcommit transaction[0m
Migrating to CreatePriceAdjustments (20140610093243)
  [1m[35m (0.1ms)[0m  begin transaction
  [1m[36m (0.4ms)[0m  [1mCREATE TABLE "price_adjustments" ("id" INTEGER PRIMARY KEY AUTOINCREMENT NOT NULL, "document_number" varchar(255), "created_at" datetime, "updated_at" datetime) [0m
  [1m[35mSQL (0.2ms)[0m  INSERT INTO "schema_migrations" ("version") VALUES (?)  [["version", "20140610093243"]]
  [1m[36m (0.8ms)[0m  [1mcommit transaction[0m
  [1m[35mActiveRecord::SchemaMigration Load (0.1ms)[0m  SELECT "schema_migrations".* FROM "schema_migrations"
  [1m[36m (0.2ms)[0m  [1m            SELECT sql
            FROM sqlite_master
            WHERE name='index_document_numbers_on_document' AND type='index'
            UNION ALL
            SELECT sql
            FROM sqlite_temp_master
            WHERE name='index_document_numbers_on_document' AND type='index'
[0m
